<?xml version="1.0" encoding="UTF-8"?>
<!-- Generated by org.testng.reporters.JUnitReportReporter -->
<testsuite skipped="0" hostname="DESKTOP-5EHHSVO" name="com.test.Fb" tests="1" failures="0" timestamp="2022-12-16T09:48:41 IST" time="33.508" errors="0">
  <testcase name="login" time="33.508" classname="com.test.Fb"/>
  <system-out/>
</testsuite> <!-- com.test.Fb -->
