<?xml version="1.0" encoding="UTF-8"?>
<!-- Generated by org.testng.reporters.JUnitReportReporter -->
<testsuite skipped="0" hostname="DESKTOP-5EHHSVO" name="com.test.Adactin" tests="1" failures="0" timestamp="2022-12-15T23:21:49 IST" time="15.475" errors="0">
  <testcase name="Booking" time="15.475" classname="com.test.Adactin"/>
  <system-out/>
</testsuite> <!-- com.test.Adactin -->
